29-03-2021 00:25:04.350 [Gauge] [INFO] Watching directory: C:\Users\Mustafa YARDIMCI\Desktop\ApiTestingHespiburada.com\specs
29-03-2021 00:25:04.355 [Gauge] [DEBUG] Found 2 files
29-03-2021 00:25:04.357 [Gauge] [INFO] Initializing concepts cache with 0 concepts
29-03-2021 00:25:04.369 [Gauge] [INFO] Initializing specs cache with 2 specs
29-03-2021 00:25:04.369 [Gauge] [DEBUG] Adding specs from C:\Users\Mustafa YARDIMCI\Desktop\ApiTestingHespiburada.com\specs\apiTest.spec
29-03-2021 00:25:04.369 [Gauge] [DEBUG] Adding specs from C:\Users\Mustafa YARDIMCI\Desktop\ApiTestingHespiburada.com\specs\example.spec
29-03-2021 00:25:04.369 [Gauge] [INFO] Initializing steps cache with 2 steps
29-03-2021 00:25:04.369 [Gauge] [INFO] Gauge daemon initialized and listening on port: 62030
29-03-2021 00:25:04.678 [Gauge] [DEBUG] Api Request Received: messageType:GetStepValueRequest messageId:4 stepValueRequest:<stepText:"Urun Adi: <key>, urun fiyati: <key>,Stok Durumu: <key> olan \303\274r\303\274n oldu\304\237u kontrol edilir." > 
29-03-2021 00:25:04.678 [Gauge] [DEBUG] Sending API response: messageType:GetStepValueResponse messageId:4 stepValueResponse:<stepValue:<stepValue:"Urun Adi: {}, urun fiyati: {},Stok Durumu: {} olan \303\274r\303\274n oldu\304\237u kontrol edilir." parameterizedStepValue:"Urun Adi: <key>, urun fiyati: <key>,Stok Durumu: <key> olan \303\274r\303\274n oldu\304\237u kontrol edilir." parameters:"key" parameters:"key" parameters:"key" > > 
29-03-2021 00:25:05.061 [Gauge] [DEBUG] Api Request Received: messageType:GetStepValueRequest messageId:4 stepValueRequest:<stepText:"Apideki \303\274r\303\274nlerin varl\304\261\304\237\304\261 kontrol edilir.$" > 
29-03-2021 00:25:05.061 [Gauge] [DEBUG] Sending API response: messageType:GetStepValueResponse messageId:4 stepValueResponse:<stepValue:<stepValue:"Apideki \303\274r\303\274nlerin varl\304\261\304\237\304\261 kontrol edilir.$" parameterizedStepValue:"Apideki \303\274r\303\274nlerin varl\304\261\304\237\304\261 kontrol edilir.$" > > 
29-03-2021 00:25:05.081 [Gauge] [DEBUG] Api Request Received: messageType:GetStepValueRequest messageId:4 stepValueRequest:<stepText:"Urun idsi: <key>, urun adi: <key>, urun fiyati: <key>,stok durumu <key> \303\266zellikli \303\274r\303\274n eklenir.$" > 
29-03-2021 00:25:05.081 [Gauge] [DEBUG] Sending API response: messageType:GetStepValueResponse messageId:4 stepValueResponse:<stepValue:<stepValue:"Urun idsi: {}, urun adi: {}, urun fiyati: {},stok durumu {} \303\266zellikli \303\274r\303\274n eklenir.$" parameterizedStepValue:"Urun idsi: <key>, urun adi: <key>, urun fiyati: <key>,stok durumu <key> \303\266zellikli \303\274r\303\274n eklenir.$" parameters:"key" parameters:"key" parameters:"key" parameters:"key" > > 
29-03-2021 00:25:37.115 [Gauge] [INFO] Spec file added / modified: C:\Users\Mustafa YARDIMCI\Desktop\ApiTestingHespiburada.com\specs\apiTest.spec
29-03-2021 00:25:37.124 [Gauge] [INFO] Spec file added / modified: C:\Users\Mustafa YARDIMCI\Desktop\ApiTestingHespiburada.com\specs\apiTest.spec
29-03-2021 00:25:38.439 [Gauge] [DEBUG] Api Request Received: messageType:GetStepValueRequest messageId:4 stepValueRequest:<> 
29-03-2021 00:25:38.439 [Gauge] [DEBUG] Sending API response: messageType:GetStepValueResponse messageId:4 stepValueResponse:<stepValue:<> > 
29-03-2021 00:25:39.072 [Gauge] [DEBUG] Api Request Received: messageType:GetStepValueRequest messageId:4 stepValueRequest:<stepText:"Go to Gauge Get Started Page" > 
29-03-2021 00:25:39.072 [Gauge] [DEBUG] Sending API response: messageType:GetStepValueResponse messageId:4 stepValueResponse:<stepValue:<stepValue:"Go to Gauge Get Started Page" parameterizedStepValue:"Go to Gauge Get Started Page" > > 
29-03-2021 00:25:39.073 [Gauge] [DEBUG] Api Request Received: messageType:GetStepValueRequest messageId:4 stepValueRequest:<stepText:"Ensure installation instructions are available" > 
29-03-2021 00:25:39.073 [Gauge] [DEBUG] Sending API response: messageType:GetStepValueResponse messageId:4 stepValueResponse:<stepValue:<stepValue:"Ensure installation instructions are available" parameterizedStepValue:"Ensure installation instructions are available" > > 
29-03-2021 00:25:39.073 [Gauge] [DEBUG] Api Request Received: messageType:GetStepValueRequest messageId:4 stepValueRequest:<stepText:"Open the Gauge homepage" > 
29-03-2021 00:25:39.073 [Gauge] [DEBUG] Sending API response: messageType:GetStepValueResponse messageId:4 stepValueResponse:<stepValue:<stepValue:"Open the Gauge homepage" parameterizedStepValue:"Open the Gauge homepage" > > 
29-03-2021 00:25:39.090 [Gauge] [DEBUG] Api Request Received: messageType:GetAllStepsRequest messageId:2 allStepsRequest:<> 
29-03-2021 00:25:39.090 [Gauge] [DEBUG] Sending API response: messageType:GetAllStepResponse messageId:2 allStepsResponse:<> 
29-03-2021 00:25:39.094 [Gauge] [DEBUG] Api Request Received: messageType:GetAllConceptsRequest messageId:6 allConceptsRequest:<> 
29-03-2021 00:25:39.094 [Gauge] [DEBUG] Sending API response: messageType:GetAllConceptsResponse messageId:6 allConceptsResponse:<> 
29-03-2021 00:25:46.470 [Gauge] [DEBUG] Api Request Received: messageType:GetStepValueRequest messageId:4 stepValueRequest:<> 
29-03-2021 00:25:46.470 [Gauge] [DEBUG] Sending API response: messageType:GetStepValueResponse messageId:4 stepValueResponse:<stepValue:<> > 
29-03-2021 00:25:46.473 [Gauge] [DEBUG] Api Request Received: messageType:GetStepValueRequest messageId:4 stepValueRequest:<> 
29-03-2021 00:25:46.473 [Gauge] [DEBUG] Sending API response: messageType:GetStepValueResponse messageId:4 stepValueResponse:<stepValue:<> > 
29-03-2021 00:25:46.486 [Gauge] [DEBUG] Api Request Received: messageType:GetStepValueRequest messageId:4 stepValueRequest:<> 
29-03-2021 00:25:46.486 [Gauge] [DEBUG] Sending API response: messageType:GetStepValueResponse messageId:4 stepValueResponse:<stepValue:<> > 
29-03-2021 00:25:46.488 [Gauge] [DEBUG] Api Request Received: messageType:GetStepValueRequest messageId:4 stepValueRequest:<> 
29-03-2021 00:25:46.488 [Gauge] [DEBUG] Sending API response: messageType:GetStepValueResponse messageId:4 stepValueResponse:<stepValue:<> > 
29-03-2021 00:25:46.496 [Gauge] [DEBUG] Api Request Received: messageType:GetStepValueRequest messageId:4 stepValueRequest:<> 
29-03-2021 00:25:46.496 [Gauge] [DEBUG] Sending API response: messageType:GetStepValueResponse messageId:4 stepValueResponse:<stepValue:<> > 
29-03-2021 00:25:46.497 [Gauge] [DEBUG] Api Request Received: messageType:GetStepValueRequest messageId:4 stepValueRequest:<> 
29-03-2021 00:25:46.497 [Gauge] [DEBUG] Sending API response: messageType:GetStepValueResponse messageId:4 stepValueResponse:<stepValue:<> > 
29-03-2021 00:25:54.518 [Gauge] [DEBUG] Api Request Received: messageType:GetStepValueRequest messageId:4 stepValueRequest:<stepText:"Urun Adi: <\"key>" > 
29-03-2021 00:25:54.518 [Gauge] [DEBUG] Sending API response: messageType:GetStepValueResponse messageId:4 stepValueResponse:<stepValue:<stepValue:"Urun Adi: {}" parameterizedStepValue:"Urun Adi: <\"key>" parameters:"\"key" > > 
29-03-2021 00:25:55.669 [Gauge] [DEBUG] Api Request Received: messageType:GetStepValueRequest messageId:4 stepValueRequest:<stepText:"Urun Adi: <\"\", urun fiyati: <key>,Stok Durumu: <key> olan \303\274r\303\274n oldu\304\237u kontrol edilir." > 
29-03-2021 00:25:55.669 [Gauge] [DEBUG] Sending API response: messageType:GetStepValueResponse messageId:4 stepValueResponse:<stepValue:<stepValue:"Urun Adi: {},Stok Durumu: {} olan \303\274r\303\274n oldu\304\237u kontrol edilir." parameterizedStepValue:"Urun Adi: <\"\", urun fiyati: <key>,Stok Durumu: <key> olan \303\274r\303\274n oldu\304\237u kontrol edilir." parameters:"\"\", urun fiyati: <key" parameters:"key" > > 
29-03-2021 00:25:56.439 [Gauge] [DEBUG] Api Request Received: messageType:GetStepValueRequest messageId:4 stepValueRequest:<stepText:"Urun Adi: <\", urun fiyati: <key>,Stok Durumu: <key> olan \303\274r\303\274n oldu\304\237u kontrol edilir." > 
29-03-2021 00:25:56.439 [Gauge] [DEBUG] Sending API response: messageType:GetStepValueResponse messageId:4 stepValueResponse:<stepValue:<stepValue:"Urun Adi: {},Stok Durumu: {} olan \303\274r\303\274n oldu\304\237u kontrol edilir." parameterizedStepValue:"Urun Adi: <\", urun fiyati: <key>,Stok Durumu: <key> olan \303\274r\303\274n oldu\304\237u kontrol edilir." parameters:"\", urun fiyati: <key" parameters:"key" > > 
29-03-2021 00:25:57.308 [Gauge] [DEBUG] Api Request Received: messageType:GetStepValueRequest messageId:4 stepValueRequest:<stepText:"Urun Adi:" > 
29-03-2021 00:25:57.308 [Gauge] [DEBUG] Sending API response: messageType:GetStepValueResponse messageId:4 stepValueResponse:<stepValue:<stepValue:"Urun Adi:" parameterizedStepValue:"Urun Adi:" > > 
29-03-2021 00:25:57.919 [Gauge] [DEBUG] Api Request Received: messageType:GetStepValueRequest messageId:4 stepValueRequest:<stepText:"Urun Adi: \"\", urun fiyati: <key>,Stok Durumu: <key> olan \303\274r\303\274n oldu\304\237u kontrol edilir." > 
29-03-2021 00:25:57.919 [Gauge] [DEBUG] Sending API response: messageType:GetStepValueResponse messageId:4 stepValueResponse:<stepValue:<stepValue:"Urun Adi: {}, urun fiyati: {},Stok Durumu: {} olan \303\274r\303\274n oldu\304\237u kontrol edilir." parameterizedStepValue:"Urun Adi: <>, urun fiyati: <key>,Stok Durumu: <key> olan \303\274r\303\274n oldu\304\237u kontrol edilir." parameters:"" parameters:"key" parameters:"key" > > 
29-03-2021 00:25:58.902 [Gauge] [DEBUG] Api Request Received: messageType:GetStepValueRequest messageId:4 stepValueRequest:<stepText:"Urun Adi: \"a\", urun fiyati: <key>,Stok Durumu: <key> olan \303\274r\303\274n oldu\304\237u kontrol edilir." > 
29-03-2021 00:25:58.902 [Gauge] [DEBUG] Sending API response: messageType:GetStepValueResponse messageId:4 stepValueResponse:<stepValue:<stepValue:"Urun Adi: {}, urun fiyati: {},Stok Durumu: {} olan \303\274r\303\274n oldu\304\237u kontrol edilir." parameterizedStepValue:"Urun Adi: <a>, urun fiyati: <key>,Stok Durumu: <key> olan \303\274r\303\274n oldu\304\237u kontrol edilir." parameters:"a" parameters:"key" parameters:"key" > > 
29-03-2021 00:25:59.102 [Gauge] [DEBUG] Api Request Received: messageType:GetStepValueRequest messageId:4 stepValueRequest:<stepText:"Urun Adi: \"ap\", urun fiyati: <key>,Stok Durumu: <key> olan \303\274r\303\274n oldu\304\237u kontrol edilir." > 
29-03-2021 00:25:59.102 [Gauge] [DEBUG] Sending API response: messageType:GetStepValueResponse messageId:4 stepValueResponse:<stepValue:<stepValue:"Urun Adi: {}, urun fiyati: {},Stok Durumu: {} olan \303\274r\303\274n oldu\304\237u kontrol edilir." parameterizedStepValue:"Urun Adi: <ap>, urun fiyati: <key>,Stok Durumu: <key> olan \303\274r\303\274n oldu\304\237u kontrol edilir." parameters:"ap" parameters:"key" parameters:"key" > > 
29-03-2021 00:25:59.247 [Gauge] [DEBUG] Api Request Received: messageType:GetStepValueRequest messageId:4 stepValueRequest:<stepText:"Urun Adi: \"app\", urun fiyati: <key>,Stok Durumu: <key> olan \303\274r\303\274n oldu\304\237u kontrol edilir." > 
29-03-2021 00:25:59.261 [Gauge] [DEBUG] Sending API response: messageType:GetStepValueResponse messageId:4 stepValueResponse:<stepValue:<stepValue:"Urun Adi: {}, urun fiyati: {},Stok Durumu: {} olan \303\274r\303\274n oldu\304\237u kontrol edilir." parameterizedStepValue:"Urun Adi: <app>, urun fiyati: <key>,Stok Durumu: <key> olan \303\274r\303\274n oldu\304\237u kontrol edilir." parameters:"app" parameters:"key" parameters:"key" > > 
29-03-2021 00:25:59.455 [Gauge] [DEBUG] Api Request Received: messageType:GetStepValueRequest messageId:4 stepValueRequest:<stepText:"Urun Adi: \"appl\", urun fiyati: <key>,Stok Durumu: <key> olan \303\274r\303\274n oldu\304\237u kontrol edilir." > 
29-03-2021 00:25:59.455 [Gauge] [DEBUG] Sending API response: messageType:GetStepValueResponse messageId:4 stepValueResponse:<stepValue:<stepValue:"Urun Adi: {}, urun fiyati: {},Stok Durumu: {} olan \303\274r\303\274n oldu\304\237u kontrol edilir." parameterizedStepValue:"Urun Adi: <appl>, urun fiyati: <key>,Stok Durumu: <key> olan \303\274r\303\274n oldu\304\237u kontrol edilir." parameters:"appl" parameters:"key" parameters:"key" > > 
29-03-2021 00:25:59.528 [Gauge] [DEBUG] Api Request Received: messageType:GetStepValueRequest messageId:4 stepValueRequest:<stepText:"Urun Adi: \"apple\", urun fiyati: <key>,Stok Durumu: <key> olan \303\274r\303\274n oldu\304\237u kontrol edilir." > 
29-03-2021 00:25:59.528 [Gauge] [DEBUG] Sending API response: messageType:GetStepValueResponse messageId:4 stepValueResponse:<stepValue:<stepValue:"Urun Adi: {}, urun fiyati: {},Stok Durumu: {} olan \303\274r\303\274n oldu\304\237u kontrol edilir." parameterizedStepValue:"Urun Adi: <apple>, urun fiyati: <key>,Stok Durumu: <key> olan \303\274r\303\274n oldu\304\237u kontrol edilir." parameters:"apple" parameters:"key" parameters:"key" > > 
29-03-2021 00:26:02.739 [Gauge] [DEBUG] Api Request Received: messageType:GetStepValueRequest messageId:4 stepValueRequest:<stepText:"Urun Adi: \"apple\", urun fiyati: \"<key>\",Stok Durumu: <key> olan \303\274r\303\274n oldu\304\237u kontrol edilir." > 
29-03-2021 00:26:02.740 [Gauge] [DEBUG] Sending API response: messageType:GetStepValueResponse messageId:4 stepValueResponse:<stepValue:<stepValue:"Urun Adi: {}, urun fiyati: {},Stok Durumu: {} olan \303\274r\303\274n oldu\304\237u kontrol edilir." parameterizedStepValue:"Urun Adi: <apple>, urun fiyati: <<key>>,Stok Durumu: <key> olan \303\274r\303\274n oldu\304\237u kontrol edilir." parameters:"apple" parameters:"<key>" parameters:"key" > > 
29-03-2021 00:26:04.530 [Gauge] [DEBUG] Api Request Received: messageType:GetStepValueRequest messageId:4 stepValueRequest:<stepText:"Urun Adi: \"apple\", urun fiyati: \"\",Stok Durumu: <key> olan \303\274r\303\274n oldu\304\237u kontrol edilir." > 
29-03-2021 00:26:04.530 [Gauge] [DEBUG] Sending API response: messageType:GetStepValueResponse messageId:4 stepValueResponse:<stepValue:<stepValue:"Urun Adi: {}, urun fiyati: {},Stok Durumu: {} olan \303\274r\303\274n oldu\304\237u kontrol edilir." parameterizedStepValue:"Urun Adi: <apple>, urun fiyati: <>,Stok Durumu: <key> olan \303\274r\303\274n oldu\304\237u kontrol edilir." parameters:"apple" parameters:"" parameters:"key" > > 
29-03-2021 00:26:09.682 [Gauge] [DEBUG] Api Request Received: messageType:GetStepValueRequest messageId:4 stepValueRequest:<stepText:"Urun Adi: \"apple\", urun fiyati: \"1\",Stok Durumu: <key> olan \303\274r\303\274n oldu\304\237u kontrol edilir." > 
29-03-2021 00:26:09.682 [Gauge] [DEBUG] Sending API response: messageType:GetStepValueResponse messageId:4 stepValueResponse:<stepValue:<stepValue:"Urun Adi: {}, urun fiyati: {},Stok Durumu: {} olan \303\274r\303\274n oldu\304\237u kontrol edilir." parameterizedStepValue:"Urun Adi: <apple>, urun fiyati: <1>,Stok Durumu: <key> olan \303\274r\303\274n oldu\304\237u kontrol edilir." parameters:"apple" parameters:"1" parameters:"key" > > 
29-03-2021 00:26:10.026 [Gauge] [DEBUG] Api Request Received: messageType:GetStepValueRequest messageId:4 stepValueRequest:<stepText:"Urun Adi: \"apple\", urun fiyati: \"15\",Stok Durumu: <key> olan \303\274r\303\274n oldu\304\237u kontrol edilir." > 
29-03-2021 00:26:10.026 [Gauge] [DEBUG] Sending API response: messageType:GetStepValueResponse messageId:4 stepValueResponse:<stepValue:<stepValue:"Urun Adi: {}, urun fiyati: {},Stok Durumu: {} olan \303\274r\303\274n oldu\304\237u kontrol edilir." parameterizedStepValue:"Urun Adi: <apple>, urun fiyati: <15>,Stok Durumu: <key> olan \303\274r\303\274n oldu\304\237u kontrol edilir." parameters:"apple" parameters:"15" parameters:"key" > > 
29-03-2021 00:26:15.042 [Gauge] [DEBUG] Api Request Received: messageType:GetStepValueRequest messageId:4 stepValueRequest:<stepText:"Urun Adi: \"apple\", urun fiyati: \"3\",Stok Durumu: <key> olan \303\274r\303\274n oldu\304\237u kontrol edilir." > 
29-03-2021 00:26:15.042 [Gauge] [DEBUG] Sending API response: messageType:GetStepValueResponse messageId:4 stepValueResponse:<stepValue:<stepValue:"Urun Adi: {}, urun fiyati: {},Stok Durumu: {} olan \303\274r\303\274n oldu\304\237u kontrol edilir." parameterizedStepValue:"Urun Adi: <apple>, urun fiyati: <3>,Stok Durumu: <key> olan \303\274r\303\274n oldu\304\237u kontrol edilir." parameters:"apple" parameters:"3" parameters:"key" > > 
29-03-2021 00:26:18.824 [Gauge] [DEBUG] Api Request Received: messageType:GetStepValueRequest messageId:4 stepValueRequest:<stepText:"Urun Adi: \"apple\", urun fiyati: \"3\",Stok Durumu: \"<key>\" olan \303\274r\303\274n oldu\304\237u kontrol edilir." > 
29-03-2021 00:26:18.824 [Gauge] [DEBUG] Sending API response: messageType:GetStepValueResponse messageId:4 stepValueResponse:<stepValue:<stepValue:"Urun Adi: {}, urun fiyati: {},Stok Durumu: {} olan \303\274r\303\274n oldu\304\237u kontrol edilir." parameterizedStepValue:"Urun Adi: <apple>, urun fiyati: <3>,Stok Durumu: <<key>> olan \303\274r\303\274n oldu\304\237u kontrol edilir." parameters:"apple" parameters:"3" parameters:"<key>" > > 
29-03-2021 00:26:20.097 [Gauge] [DEBUG] Api Request Received: messageType:GetStepValueRequest messageId:4 stepValueRequest:<stepText:"Urun Adi: \"apple\", urun fiyati: \"3\",Stok Durumu: \"1\" olan \303\274r\303\274n oldu\304\237u kontrol edilir." > 
29-03-2021 00:26:20.097 [Gauge] [DEBUG] Sending API response: messageType:GetStepValueResponse messageId:4 stepValueResponse:<stepValue:<stepValue:"Urun Adi: {}, urun fiyati: {},Stok Durumu: {} olan \303\274r\303\274n oldu\304\237u kontrol edilir." parameterizedStepValue:"Urun Adi: <apple>, urun fiyati: <3>,Stok Durumu: <1> olan \303\274r\303\274n oldu\304\237u kontrol edilir." parameters:"apple" parameters:"3" parameters:"1" > > 
29-03-2021 00:26:20.290 [Gauge] [DEBUG] Api Request Received: messageType:GetStepValueRequest messageId:4 stepValueRequest:<stepText:"Urun Adi: \"apple\", urun fiyati: \"3\",Stok Durumu: \"10\" olan \303\274r\303\274n oldu\304\237u kontrol edilir." > 
29-03-2021 00:26:20.290 [Gauge] [DEBUG] Sending API response: messageType:GetStepValueResponse messageId:4 stepValueResponse:<stepValue:<stepValue:"Urun Adi: {}, urun fiyati: {},Stok Durumu: {} olan \303\274r\303\274n oldu\304\237u kontrol edilir." parameterizedStepValue:"Urun Adi: <apple>, urun fiyati: <3>,Stok Durumu: <10> olan \303\274r\303\274n oldu\304\237u kontrol edilir." parameters:"apple" parameters:"3" parameters:"10" > > 
29-03-2021 00:26:20.443 [Gauge] [DEBUG] Api Request Received: messageType:GetStepValueRequest messageId:4 stepValueRequest:<stepText:"Urun Adi: \"apple\", urun fiyati: \"3\",Stok Durumu: \"100\" olan \303\274r\303\274n oldu\304\237u kontrol edilir." > 
29-03-2021 00:26:20.443 [Gauge] [DEBUG] Sending API response: messageType:GetStepValueResponse messageId:4 stepValueResponse:<stepValue:<stepValue:"Urun Adi: {}, urun fiyati: {},Stok Durumu: {} olan \303\274r\303\274n oldu\304\237u kontrol edilir." parameterizedStepValue:"Urun Adi: <apple>, urun fiyati: <3>,Stok Durumu: <100> olan \303\274r\303\274n oldu\304\237u kontrol edilir." parameters:"apple" parameters:"3" parameters:"100" > > 
29-03-2021 00:26:25.167 [Gauge] [INFO] Spec file added / modified: C:\Users\Mustafa YARDIMCI\Desktop\ApiTestingHespiburada.com\specs\apiTest.spec
29-03-2021 00:26:25.177 [Gauge] [INFO] Spec file added / modified: C:\Users\Mustafa YARDIMCI\Desktop\ApiTestingHespiburada.com\specs\apiTest.spec
29-03-2021 00:26:25.328 [Gauge] [INFO] Spec file added / modified: C:\Users\Mustafa YARDIMCI\Desktop\ApiTestingHespiburada.com\specs\apiTest.spec
29-03-2021 00:26:25.337 [Gauge] [INFO] Spec file added / modified: C:\Users\Mustafa YARDIMCI\Desktop\ApiTestingHespiburada.com\specs\apiTest.spec
29-03-2021 00:26:25.596 [Gauge] [INFO] Spec file added / modified: C:\Users\Mustafa YARDIMCI\Desktop\ApiTestingHespiburada.com\specs\apiTest.spec
29-03-2021 00:26:25.599 [Gauge] [INFO] Spec file added / modified: C:\Users\Mustafa YARDIMCI\Desktop\ApiTestingHespiburada.com\specs\apiTest.spec
29-03-2021 00:26:30.982 [Gauge] [INFO] Spec file added / modified: C:\Users\Mustafa YARDIMCI\Desktop\ApiTestingHespiburada.com\specs\apiTest.spec
29-03-2021 00:26:30.992 [Gauge] [INFO] Spec file added / modified: C:\Users\Mustafa YARDIMCI\Desktop\ApiTestingHespiburada.com\specs\apiTest.spec
29-03-2021 00:26:32.809 [Gauge] [INFO] Spec file added / modified: C:\Users\Mustafa YARDIMCI\Desktop\ApiTestingHespiburada.com\specs\apiTest.spec
29-03-2021 00:26:32.821 [Gauge] [INFO] Spec file added / modified: C:\Users\Mustafa YARDIMCI\Desktop\ApiTestingHespiburada.com\specs\apiTest.spec
29-03-2021 00:26:33.828 [Gauge] [DEBUG] Api Request Received: messageType:GetStepValueRequest messageId:4 stepValueRequest:<> 
29-03-2021 00:26:33.828 [Gauge] [DEBUG] Sending API response: messageType:GetStepValueResponse messageId:4 stepValueResponse:<stepValue:<> > 
29-03-2021 00:26:35.552 [Gauge] [DEBUG] Api Request Received: messageType:GetStepValueRequest messageId:4 stepValueRequest:<> 
29-03-2021 00:26:35.552 [Gauge] [DEBUG] Sending API response: messageType:GetStepValueResponse messageId:4 stepValueResponse:<stepValue:<> > 
29-03-2021 00:26:35.554 [Gauge] [DEBUG] Api Request Received: messageType:GetStepValueRequest messageId:4 stepValueRequest:<> 
29-03-2021 00:26:35.554 [Gauge] [DEBUG] Sending API response: messageType:GetStepValueResponse messageId:4 stepValueResponse:<stepValue:<> > 
29-03-2021 00:26:35.556 [Gauge] [DEBUG] Api Request Received: messageType:GetStepValueRequest messageId:4 stepValueRequest:<> 
29-03-2021 00:26:35.556 [Gauge] [DEBUG] Sending API response: messageType:GetStepValueResponse messageId:4 stepValueResponse:<stepValue:<> > 
29-03-2021 00:26:35.568 [Gauge] [DEBUG] Api Request Received: messageType:GetStepValueRequest messageId:4 stepValueRequest:<> 
29-03-2021 00:26:35.568 [Gauge] [DEBUG] Sending API response: messageType:GetStepValueResponse messageId:4 stepValueResponse:<stepValue:<> > 
29-03-2021 00:26:35.569 [Gauge] [DEBUG] Api Request Received: messageType:GetStepValueRequest messageId:4 stepValueRequest:<> 
29-03-2021 00:26:35.569 [Gauge] [DEBUG] Sending API response: messageType:GetStepValueResponse messageId:4 stepValueResponse:<stepValue:<> > 
29-03-2021 00:26:41.249 [Gauge] [DEBUG] Api Request Received: messageType:GetStepValueRequest messageId:4 stepValueRequest:<stepText:"Apideki \303\274r\303\274nlerin varl\304\261\304\237\304\261 kontrol edilir." > 
29-03-2021 00:26:41.249 [Gauge] [DEBUG] Sending API response: messageType:GetStepValueResponse messageId:4 stepValueResponse:<stepValue:<stepValue:"Apideki \303\274r\303\274nlerin varl\304\261\304\237\304\261 kontrol edilir." parameterizedStepValue:"Apideki \303\274r\303\274nlerin varl\304\261\304\237\304\261 kontrol edilir." > > 
29-03-2021 00:26:41.256 [Gauge] [DEBUG] Api Request Received: messageType:GetStepValueRequest messageId:4 stepValueRequest:<> 
29-03-2021 00:26:41.256 [Gauge] [DEBUG] Sending API response: messageType:GetStepValueResponse messageId:4 stepValueResponse:<stepValue:<> > 
29-03-2021 00:26:41.258 [Gauge] [DEBUG] Api Request Received: messageType:GetStepValueRequest messageId:4 stepValueRequest:<> 
29-03-2021 00:26:41.258 [Gauge] [DEBUG] Sending API response: messageType:GetStepValueResponse messageId:4 stepValueResponse:<stepValue:<> > 
29-03-2021 00:26:41.259 [Gauge] [DEBUG] Api Request Received: messageType:GetStepValueRequest messageId:4 stepValueRequest:<> 
29-03-2021 00:26:41.259 [Gauge] [DEBUG] Sending API response: messageType:GetStepValueResponse messageId:4 stepValueResponse:<stepValue:<> > 
29-03-2021 00:26:41.272 [Gauge] [DEBUG] Api Request Received: messageType:GetStepValueRequest messageId:4 stepValueRequest:<> 
29-03-2021 00:26:41.273 [Gauge] [DEBUG] Sending API response: messageType:GetStepValueResponse messageId:4 stepValueResponse:<stepValue:<> > 
29-03-2021 00:26:41.275 [Gauge] [DEBUG] Api Request Received: messageType:GetStepValueRequest messageId:4 stepValueRequest:<> 
29-03-2021 00:26:41.275 [Gauge] [DEBUG] Sending API response: messageType:GetStepValueResponse messageId:4 stepValueResponse:<stepValue:<> > 
29-03-2021 00:26:41.285 [Gauge] [DEBUG] Api Request Received: messageType:GetStepValueRequest messageId:4 stepValueRequest:<> 
29-03-2021 00:26:41.285 [Gauge] [DEBUG] Sending API response: messageType:GetStepValueResponse messageId:4 stepValueResponse:<stepValue:<> > 
29-03-2021 00:26:42.772 [Gauge] [DEBUG] Api Request Received: messageType:GetStepValueRequest messageId:4 stepValueRequest:<> 
29-03-2021 00:26:42.772 [Gauge] [DEBUG] Sending API response: messageType:GetStepValueResponse messageId:4 stepValueResponse:<stepValue:<> > 
29-03-2021 00:26:44.938 [Gauge] [INFO] Spec file added / modified: C:\Users\Mustafa YARDIMCI\Desktop\ApiTestingHespiburada.com\specs\apiTest.spec
29-03-2021 00:26:44.947 [Gauge] [INFO] Spec file added / modified: C:\Users\Mustafa YARDIMCI\Desktop\ApiTestingHespiburada.com\specs\apiTest.spec
29-03-2021 00:26:45.103 [Gauge] [INFO] Spec file added / modified: C:\Users\Mustafa YARDIMCI\Desktop\ApiTestingHespiburada.com\specs\apiTest.spec
29-03-2021 00:26:45.108 [Gauge] [INFO] Spec file added / modified: C:\Users\Mustafa YARDIMCI\Desktop\ApiTestingHespiburada.com\specs\apiTest.spec
29-03-2021 00:26:50.944 [Gauge] [INFO] Spec file added / modified: C:\Users\Mustafa YARDIMCI\Desktop\ApiTestingHespiburada.com\specs\apiTest.spec
29-03-2021 00:26:50.947 [Gauge] [INFO] Spec file added / modified: C:\Users\Mustafa YARDIMCI\Desktop\ApiTestingHespiburada.com\specs\apiTest.spec
29-03-2021 00:26:54.234 [Gauge] [INFO] Spec file added / modified: C:\Users\Mustafa YARDIMCI\Desktop\ApiTestingHespiburada.com\specs\apiTest.spec
29-03-2021 00:26:54.243 [Gauge] [INFO] Spec file added / modified: C:\Users\Mustafa YARDIMCI\Desktop\ApiTestingHespiburada.com\specs\apiTest.spec
29-03-2021 00:26:55.323 [Gauge] [DEBUG] Api Request Received: messageType:GetStepValueRequest messageId:4 stepValueRequest:<> 
29-03-2021 00:26:55.323 [Gauge] [DEBUG] Sending API response: messageType:GetStepValueResponse messageId:4 stepValueResponse:<stepValue:<> > 
29-03-2021 00:27:01.459 [Gauge] [DEBUG] Api Request Received: messageType:GetStepValueRequest messageId:4 stepValueRequest:<> 
29-03-2021 00:27:01.459 [Gauge] [DEBUG] Sending API response: messageType:GetStepValueResponse messageId:4 stepValueResponse:<stepValue:<> > 
29-03-2021 00:27:01.462 [Gauge] [DEBUG] Api Request Received: messageType:GetStepValueRequest messageId:4 stepValueRequest:<> 
29-03-2021 00:27:01.462 [Gauge] [DEBUG] Sending API response: messageType:GetStepValueResponse messageId:4 stepValueResponse:<stepValue:<> > 
29-03-2021 00:27:01.463 [Gauge] [DEBUG] Api Request Received: messageType:GetStepValueRequest messageId:4 stepValueRequest:<> 
29-03-2021 00:27:01.463 [Gauge] [DEBUG] Sending API response: messageType:GetStepValueResponse messageId:4 stepValueResponse:<stepValue:<> > 
29-03-2021 00:27:01.464 [Gauge] [DEBUG] Api Request Received: messageType:GetStepValueRequest messageId:4 stepValueRequest:<> 
29-03-2021 00:27:01.464 [Gauge] [DEBUG] Sending API response: messageType:GetStepValueResponse messageId:4 stepValueResponse:<stepValue:<> > 
29-03-2021 00:27:09.841 [Gauge] [DEBUG] Api Request Received: messageType:GetStepValueRequest messageId:4 stepValueRequest:<stepText:"Urun idsi: <key>, urun adi: <key>, urun fiyati: <key>,stok durumu <key> \303\266zellikli \303\274r\303\274n eklenir." > 
29-03-2021 00:27:09.841 [Gauge] [DEBUG] Sending API response: messageType:GetStepValueResponse messageId:4 stepValueResponse:<stepValue:<stepValue:"Urun idsi: {}, urun adi: {}, urun fiyati: {},stok durumu {} \303\266zellikli \303\274r\303\274n eklenir." parameterizedStepValue:"Urun idsi: <key>, urun adi: <key>, urun fiyati: <key>,stok durumu <key> \303\266zellikli \303\274r\303\274n eklenir." parameters:"key" parameters:"key" parameters:"key" parameters:"key" > > 
29-03-2021 00:27:09.844 [Gauge] [DEBUG] Api Request Received: messageType:GetStepValueRequest messageId:4 stepValueRequest:<> 
29-03-2021 00:27:09.844 [Gauge] [DEBUG] Sending API response: messageType:GetStepValueResponse messageId:4 stepValueResponse:<stepValue:<> > 
29-03-2021 00:27:09.846 [Gauge] [DEBUG] Api Request Received: messageType:GetStepValueRequest messageId:4 stepValueRequest:<> 
29-03-2021 00:27:09.846 [Gauge] [DEBUG] Sending API response: messageType:GetStepValueResponse messageId:4 stepValueResponse:<stepValue:<> > 
29-03-2021 00:27:09.848 [Gauge] [DEBUG] Api Request Received: messageType:GetStepValueRequest messageId:4 stepValueRequest:<> 
29-03-2021 00:27:09.849 [Gauge] [DEBUG] Sending API response: messageType:GetStepValueResponse messageId:4 stepValueResponse:<stepValue:<> > 
29-03-2021 00:27:09.851 [Gauge] [DEBUG] Api Request Received: messageType:GetStepValueRequest messageId:4 stepValueRequest:<> 
29-03-2021 00:27:09.851 [Gauge] [DEBUG] Sending API response: messageType:GetStepValueResponse messageId:4 stepValueResponse:<stepValue:<> > 
29-03-2021 00:27:09.864 [Gauge] [DEBUG] Api Request Received: messageType:GetStepValueRequest messageId:4 stepValueRequest:<> 
29-03-2021 00:27:09.864 [Gauge] [DEBUG] Sending API response: messageType:GetStepValueResponse messageId:4 stepValueResponse:<stepValue:<> > 
29-03-2021 00:27:15.842 [Gauge] [DEBUG] Api Request Received: messageType:GetStepValueRequest messageId:4 stepValueRequest:<> 
29-03-2021 00:27:15.843 [Gauge] [DEBUG] Sending API response: messageType:GetStepValueResponse messageId:4 stepValueResponse:<stepValue:<> > 
29-03-2021 00:27:21.297 [Gauge] [DEBUG] Api Request Received: messageType:GetStepValueRequest messageId:4 stepValueRequest:<stepText:"Urun idsi: 4, urun adi: <key>, urun fiyati: <key>,stok durumu <key> \303\266zellikli \303\274r\303\274n eklenir." > 
29-03-2021 00:27:21.297 [Gauge] [DEBUG] Sending API response: messageType:GetStepValueResponse messageId:4 stepValueResponse:<stepValue:<stepValue:"Urun idsi: 4, urun adi: {}, urun fiyati: {},stok durumu {} \303\266zellikli \303\274r\303\274n eklenir." parameterizedStepValue:"Urun idsi: 4, urun adi: <key>, urun fiyati: <key>,stok durumu <key> \303\266zellikli \303\274r\303\274n eklenir." parameters:"key" parameters:"key" parameters:"key" > > 
29-03-2021 00:27:21.303 [Gauge] [DEBUG] Api Request Received: messageType:GetAllStepsRequest messageId:2 allStepsRequest:<> 
29-03-2021 00:27:21.303 [Gauge] [DEBUG] Sending API response: messageType:GetAllStepResponse messageId:2 allStepsResponse:<allSteps:<stepValue:"Urun Adi: {}, urun fiyati: {},Stok Durumu: {} olan \303\274r\303\274n oldu\304\237u kontrol edilir." parameterizedStepValue:"Urun Adi: <apple>, urun fiyati: <3>,Stok Durumu: <100> olan \303\274r\303\274n oldu\304\237u kontrol edilir." parameters:"apple" parameters:"3" parameters:"100" > allSteps:<stepValue:"Apideki \303\274r\303\274nlerin varl\304\261\304\237\304\261 kontrol edilir." parameterizedStepValue:"Apideki \303\274r\303\274nlerin varl\304\261\304\237\304\261 kontrol edilir." > > 
29-03-2021 00:27:21.317 [Gauge] [DEBUG] Api Request Received: messageType:GetAllConceptsRequest messageId:6 allConceptsRequest:<> 
29-03-2021 00:27:21.317 [Gauge] [DEBUG] Sending API response: messageType:GetAllConceptsResponse messageId:6 allConceptsResponse:<> 
29-03-2021 00:27:21.318 [Gauge] [DEBUG] Api Request Received: messageType:GetAllStepsRequest messageId:2 allStepsRequest:<> 
29-03-2021 00:27:21.318 [Gauge] [DEBUG] Sending API response: messageType:GetAllStepResponse messageId:2 allStepsResponse:<allSteps:<stepValue:"Urun Adi: {}, urun fiyati: {},Stok Durumu: {} olan \303\274r\303\274n oldu\304\237u kontrol edilir." parameterizedStepValue:"Urun Adi: <apple>, urun fiyati: <3>,Stok Durumu: <100> olan \303\274r\303\274n oldu\304\237u kontrol edilir." parameters:"apple" parameters:"3" parameters:"100" > allSteps:<stepValue:"Apideki \303\274r\303\274nlerin varl\304\261\304\237\304\261 kontrol edilir." parameterizedStepValue:"Apideki \303\274r\303\274nlerin varl\304\261\304\237\304\261 kontrol edilir." > > 
29-03-2021 00:27:21.319 [Gauge] [DEBUG] Api Request Received: messageType:GetAllConceptsRequest messageId:6 allConceptsRequest:<> 
29-03-2021 00:27:21.319 [Gauge] [DEBUG] Sending API response: messageType:GetAllConceptsResponse messageId:6 allConceptsResponse:<> 
29-03-2021 00:27:24.998 [Gauge] [DEBUG] Api Request Received: messageType:GetStepValueRequest messageId:4 stepValueRequest:<stepText:"Urun idsi: 4, urun adi: , urun fiyati: <key>,stok durumu <key> \303\266zellikli \303\274r\303\274n eklenir." > 
29-03-2021 00:27:24.998 [Gauge] [DEBUG] Sending API response: messageType:GetStepValueResponse messageId:4 stepValueResponse:<stepValue:<stepValue:"Urun idsi: 4, urun adi: , urun fiyati: {},stok durumu {} \303\266zellikli \303\274r\303\274n eklenir." parameterizedStepValue:"Urun idsi: 4, urun adi: , urun fiyati: <key>,stok durumu <key> \303\266zellikli \303\274r\303\274n eklenir." parameters:"key" parameters:"key" > > 
29-03-2021 00:27:25.744 [Gauge] [DEBUG] Api Request Received: messageType:GetStepValueRequest messageId:4 stepValueRequest:<stepText:"Urun idsi: 4, urun adi: \"\", urun fiyati: <key>,stok durumu <key> \303\266zellikli \303\274r\303\274n eklenir." > 
29-03-2021 00:27:25.744 [Gauge] [DEBUG] Sending API response: messageType:GetStepValueResponse messageId:4 stepValueResponse:<stepValue:<stepValue:"Urun idsi: 4, urun adi: {}, urun fiyati: {},stok durumu {} \303\266zellikli \303\274r\303\274n eklenir." parameterizedStepValue:"Urun idsi: 4, urun adi: <>, urun fiyati: <key>,stok durumu <key> \303\266zellikli \303\274r\303\274n eklenir." parameters:"" parameters:"key" parameters:"key" > > 
29-03-2021 00:27:29.541 [Gauge] [DEBUG] Api Request Received: messageType:GetStepValueRequest messageId:4 stepValueRequest:<stepText:"Urun idsi: 4, urun adi: \"b\", urun fiyati: <key>,stok durumu <key> \303\266zellikli \303\274r\303\274n eklenir." > 
29-03-2021 00:27:29.541 [Gauge] [DEBUG] Sending API response: messageType:GetStepValueResponse messageId:4 stepValueResponse:<stepValue:<stepValue:"Urun idsi: 4, urun adi: {}, urun fiyati: {},stok durumu {} \303\266zellikli \303\274r\303\274n eklenir." parameterizedStepValue:"Urun idsi: 4, urun adi: <b>, urun fiyati: <key>,stok durumu <key> \303\266zellikli \303\274r\303\274n eklenir." parameters:"b" parameters:"key" parameters:"key" > > 
29-03-2021 00:27:29.684 [Gauge] [DEBUG] Api Request Received: messageType:GetStepValueRequest messageId:4 stepValueRequest:<stepText:"Urun idsi: 4, urun adi: \"ba\", urun fiyati: <key>,stok durumu <key> \303\266zellikli \303\274r\303\274n eklenir." > 
29-03-2021 00:27:29.684 [Gauge] [DEBUG] Sending API response: messageType:GetStepValueResponse messageId:4 stepValueResponse:<stepValue:<stepValue:"Urun idsi: 4, urun adi: {}, urun fiyati: {},stok durumu {} \303\266zellikli \303\274r\303\274n eklenir." parameterizedStepValue:"Urun idsi: 4, urun adi: <ba>, urun fiyati: <key>,stok durumu <key> \303\266zellikli \303\274r\303\274n eklenir." parameters:"ba" parameters:"key" parameters:"key" > > 
29-03-2021 00:27:29.766 [Gauge] [DEBUG] Api Request Received: messageType:GetStepValueRequest messageId:4 stepValueRequest:<stepText:"Urun idsi: 4, urun adi: \"ban\", urun fiyati: <key>,stok durumu <key> \303\266zellikli \303\274r\303\274n eklenir." > 
29-03-2021 00:27:29.766 [Gauge] [DEBUG] Sending API response: messageType:GetStepValueResponse messageId:4 stepValueResponse:<stepValue:<stepValue:"Urun idsi: 4, urun adi: {}, urun fiyati: {},stok durumu {} \303\266zellikli \303\274r\303\274n eklenir." parameterizedStepValue:"Urun idsi: 4, urun adi: <ban>, urun fiyati: <key>,stok durumu <key> \303\266zellikli \303\274r\303\274n eklenir." parameters:"ban" parameters:"key" parameters:"key" > > 
29-03-2021 00:27:29.879 [Gauge] [DEBUG] Api Request Received: messageType:GetStepValueRequest messageId:4 stepValueRequest:<stepText:"Urun idsi: 4, urun adi: \"bana\", urun fiyati: <key>,stok durumu <key> \303\266zellikli \303\274r\303\274n eklenir." > 
29-03-2021 00:27:29.879 [Gauge] [DEBUG] Sending API response: messageType:GetStepValueResponse messageId:4 stepValueResponse:<stepValue:<stepValue:"Urun idsi: 4, urun adi: {}, urun fiyati: {},stok durumu {} \303\266zellikli \303\274r\303\274n eklenir." parameterizedStepValue:"Urun idsi: 4, urun adi: <bana>, urun fiyati: <key>,stok durumu <key> \303\266zellikli \303\274r\303\274n eklenir." parameters:"bana" parameters:"key" parameters:"key" > > 
29-03-2021 00:27:30.197 [Gauge] [DEBUG] Api Request Received: messageType:GetStepValueRequest messageId:4 stepValueRequest:<stepText:"Urun idsi: 4, urun adi: \"banan\", urun fiyati: <key>,stok durumu <key> \303\266zellikli \303\274r\303\274n eklenir." > 
29-03-2021 00:27:30.197 [Gauge] [DEBUG] Sending API response: messageType:GetStepValueResponse messageId:4 stepValueResponse:<stepValue:<stepValue:"Urun idsi: 4, urun adi: {}, urun fiyati: {},stok durumu {} \303\266zellikli \303\274r\303\274n eklenir." parameterizedStepValue:"Urun idsi: 4, urun adi: <banan>, urun fiyati: <key>,stok durumu <key> \303\266zellikli \303\274r\303\274n eklenir." parameters:"banan" parameters:"key" parameters:"key" > > 
29-03-2021 00:27:30.301 [Gauge] [DEBUG] Api Request Received: messageType:GetStepValueRequest messageId:4 stepValueRequest:<stepText:"Urun idsi: 4, urun adi: \"banana\", urun fiyati: <key>,stok durumu <key> \303\266zellikli \303\274r\303\274n eklenir." > 
29-03-2021 00:27:30.301 [Gauge] [DEBUG] Sending API response: messageType:GetStepValueResponse messageId:4 stepValueResponse:<stepValue:<stepValue:"Urun idsi: 4, urun adi: {}, urun fiyati: {},stok durumu {} \303\266zellikli \303\274r\303\274n eklenir." parameterizedStepValue:"Urun idsi: 4, urun adi: <banana>, urun fiyati: <key>,stok durumu <key> \303\266zellikli \303\274r\303\274n eklenir." parameters:"banana" parameters:"key" parameters:"key" > > 
29-03-2021 00:27:35.154 [Gauge] [DEBUG] Api Request Received: messageType:GetStepValueRequest messageId:4 stepValueRequest:<stepText:"Urun idsi: 4, urun adi: \"banana\", urun fiyati: \"<key>\",stok durumu <key> \303\266zellikli \303\274r\303\274n eklenir." > 
29-03-2021 00:27:35.154 [Gauge] [DEBUG] Sending API response: messageType:GetStepValueResponse messageId:4 stepValueResponse:<stepValue:<stepValue:"Urun idsi: 4, urun adi: {}, urun fiyati: {},stok durumu {} \303\266zellikli \303\274r\303\274n eklenir." parameterizedStepValue:"Urun idsi: 4, urun adi: <banana>, urun fiyati: <<key>>,stok durumu <key> \303\266zellikli \303\274r\303\274n eklenir." parameters:"banana" parameters:"<key>" parameters:"key" > > 
29-03-2021 00:27:40.960 [Gauge] [DEBUG] Api Request Received: messageType:GetStepValueRequest messageId:4 stepValueRequest:<stepText:"Urun idsi: 4, urun adi: \"banana\", urun fiyati: \"6\",stok durumu <key> \303\266zellikli \303\274r\303\274n eklenir." > 
29-03-2021 00:27:40.960 [Gauge] [DEBUG] Sending API response: messageType:GetStepValueResponse messageId:4 stepValueResponse:<stepValue:<stepValue:"Urun idsi: 4, urun adi: {}, urun fiyati: {},stok durumu {} \303\266zellikli \303\274r\303\274n eklenir." parameterizedStepValue:"Urun idsi: 4, urun adi: <banana>, urun fiyati: <6>,stok durumu <key> \303\266zellikli \303\274r\303\274n eklenir." parameters:"banana" parameters:"6" parameters:"key" > > 
29-03-2021 00:27:46.182 [Gauge] [DEBUG] Api Request Received: messageType:GetStepValueRequest messageId:4 stepValueRequest:<stepText:"Urun idsi: 4, urun adi: \"banana\", urun fiyati: \"6\",stok durumu \"<key>\" \303\266zellikli \303\274r\303\274n eklenir." > 
29-03-2021 00:27:46.182 [Gauge] [DEBUG] Sending API response: messageType:GetStepValueResponse messageId:4 stepValueResponse:<stepValue:<stepValue:"Urun idsi: 4, urun adi: {}, urun fiyati: {},stok durumu {} \303\266zellikli \303\274r\303\274n eklenir." parameterizedStepValue:"Urun idsi: 4, urun adi: <banana>, urun fiyati: <6>,stok durumu <<key>> \303\266zellikli \303\274r\303\274n eklenir." parameters:"banana" parameters:"6" parameters:"<key>" > > 
29-03-2021 00:27:47.792 [Gauge] [DEBUG] Api Request Received: messageType:GetStepValueRequest messageId:4 stepValueRequest:<stepText:"Urun idsi: 4, urun adi: \"banana\", urun fiyati: \"6\",stok durumu \"\" \303\266zellikli \303\274r\303\274n eklenir." > 
29-03-2021 00:27:47.806 [Gauge] [DEBUG] Sending API response: messageType:GetStepValueResponse messageId:4 stepValueResponse:<stepValue:<stepValue:"Urun idsi: 4, urun adi: {}, urun fiyati: {},stok durumu {} \303\266zellikli \303\274r\303\274n eklenir." parameterizedStepValue:"Urun idsi: 4, urun adi: <banana>, urun fiyati: <6>,stok durumu <> \303\266zellikli \303\274r\303\274n eklenir." parameters:"banana" parameters:"6" parameters:"" > > 
29-03-2021 00:27:48.858 [Gauge] [DEBUG] Api Request Received: messageType:GetStepValueRequest messageId:4 stepValueRequest:<stepText:"Urun idsi: 4, urun adi: \"banana\", urun fiyati: \"6\",stok durumu \"1\" \303\266zellikli \303\274r\303\274n eklenir." > 
29-03-2021 00:27:48.858 [Gauge] [DEBUG] Sending API response: messageType:GetStepValueResponse messageId:4 stepValueResponse:<stepValue:<stepValue:"Urun idsi: 4, urun adi: {}, urun fiyati: {},stok durumu {} \303\266zellikli \303\274r\303\274n eklenir." parameterizedStepValue:"Urun idsi: 4, urun adi: <banana>, urun fiyati: <6>,stok durumu <1> \303\266zellikli \303\274r\303\274n eklenir." parameters:"banana" parameters:"6" parameters:"1" > > 
29-03-2021 00:27:48.976 [Gauge] [DEBUG] Api Request Received: messageType:GetStepValueRequest messageId:4 stepValueRequest:<stepText:"Urun idsi: 4, urun adi: \"banana\", urun fiyati: \"6\",stok durumu \"12\" \303\266zellikli \303\274r\303\274n eklenir." > 
29-03-2021 00:27:48.976 [Gauge] [DEBUG] Sending API response: messageType:GetStepValueResponse messageId:4 stepValueResponse:<stepValue:<stepValue:"Urun idsi: 4, urun adi: {}, urun fiyati: {},stok durumu {} \303\266zellikli \303\274r\303\274n eklenir." parameterizedStepValue:"Urun idsi: 4, urun adi: <banana>, urun fiyati: <6>,stok durumu <12> \303\266zellikli \303\274r\303\274n eklenir." parameters:"banana" parameters:"6" parameters:"12" > > 
29-03-2021 00:27:49.021 [Gauge] [DEBUG] Api Request Received: messageType:GetStepValueRequest messageId:4 stepValueRequest:<stepText:"Urun idsi: 4, urun adi: \"banana\", urun fiyati: \"6\",stok durumu \"123\" \303\266zellikli \303\274r\303\274n eklenir." > 
29-03-2021 00:27:49.021 [Gauge] [DEBUG] Sending API response: messageType:GetStepValueResponse messageId:4 stepValueResponse:<stepValue:<stepValue:"Urun idsi: 4, urun adi: {}, urun fiyati: {},stok durumu {} \303\266zellikli \303\274r\303\274n eklenir." parameterizedStepValue:"Urun idsi: 4, urun adi: <banana>, urun fiyati: <6>,stok durumu <123> \303\266zellikli \303\274r\303\274n eklenir." parameters:"banana" parameters:"6" parameters:"123" > > 
29-03-2021 00:27:59.012 [Gauge] [DEBUG] Api Request Received: messageType:GetStepValueRequest messageId:4 stepValueRequest:<stepText:"Urun idsi: , urun adi: \"banana\", urun fiyati: \"6\",stok durumu \"123\" \303\266zellikli \303\274r\303\274n eklenir." > 
29-03-2021 00:27:59.012 [Gauge] [DEBUG] Sending API response: messageType:GetStepValueResponse messageId:4 stepValueResponse:<stepValue:<stepValue:"Urun idsi: , urun adi: {}, urun fiyati: {},stok durumu {} \303\266zellikli \303\274r\303\274n eklenir." parameterizedStepValue:"Urun idsi: , urun adi: <banana>, urun fiyati: <6>,stok durumu <123> \303\266zellikli \303\274r\303\274n eklenir." parameters:"banana" parameters:"6" parameters:"123" > > 
29-03-2021 00:27:59.333 [Gauge] [DEBUG] Api Request Received: messageType:GetStepValueRequest messageId:4 stepValueRequest:<stepText:"Urun idsi: \"\", urun adi: \"banana\", urun fiyati: \"6\",stok durumu \"123\" \303\266zellikli \303\274r\303\274n eklenir." > 
29-03-2021 00:27:59.333 [Gauge] [DEBUG] Sending API response: messageType:GetStepValueResponse messageId:4 stepValueResponse:<stepValue:<stepValue:"Urun idsi: {}, urun adi: {}, urun fiyati: {},stok durumu {} \303\266zellikli \303\274r\303\274n eklenir." parameterizedStepValue:"Urun idsi: <>, urun adi: <banana>, urun fiyati: <6>,stok durumu <123> \303\266zellikli \303\274r\303\274n eklenir." parameters:"" parameters:"banana" parameters:"6" parameters:"123" > > 
29-03-2021 00:28:00.754 [Gauge] [DEBUG] Api Request Received: messageType:GetStepValueRequest messageId:4 stepValueRequest:<stepText:"Urun idsi: \"4\", urun adi: \"banana\", urun fiyati: \"6\",stok durumu \"123\" \303\266zellikli \303\274r\303\274n eklenir." > 
29-03-2021 00:28:00.754 [Gauge] [DEBUG] Sending API response: messageType:GetStepValueResponse messageId:4 stepValueResponse:<stepValue:<stepValue:"Urun idsi: {}, urun adi: {}, urun fiyati: {},stok durumu {} \303\266zellikli \303\274r\303\274n eklenir." parameterizedStepValue:"Urun idsi: <4>, urun adi: <banana>, urun fiyati: <6>,stok durumu <123> \303\266zellikli \303\274r\303\274n eklenir." parameters:"4" parameters:"banana" parameters:"6" parameters:"123" > > 
29-03-2021 00:28:16.795 [Gauge] [INFO] Spec file added / modified: C:\Users\Mustafa YARDIMCI\Desktop\ApiTestingHespiburada.com\specs\apiTest.spec
29-03-2021 00:28:16.808 [Gauge] [INFO] Spec file added / modified: C:\Users\Mustafa YARDIMCI\Desktop\ApiTestingHespiburada.com\specs\apiTest.spec
29-03-2021 00:32:26.494 [Gauge] [DEBUG] Api Request Received: messageType:GetStepValueRequest messageId:4 stepValueRequest:<stepText:"Urun Adi: \"apple\", urun fiyati: \"5\",Stok Durumu: \"100\" olan \303\274r\303\274n oldu\304\237u kontrol edilir." > 
29-03-2021 00:32:26.495 [Gauge] [DEBUG] Sending API response: messageType:GetStepValueResponse messageId:4 stepValueResponse:<stepValue:<stepValue:"Urun Adi: {}, urun fiyati: {},Stok Durumu: {} olan \303\274r\303\274n oldu\304\237u kontrol edilir." parameterizedStepValue:"Urun Adi: <apple>, urun fiyati: <5>,Stok Durumu: <100> olan \303\274r\303\274n oldu\304\237u kontrol edilir." parameters:"apple" parameters:"5" parameters:"100" > > 
29-03-2021 00:32:28.636 [Gauge] [INFO] Spec file added / modified: C:\Users\Mustafa YARDIMCI\Desktop\ApiTestingHespiburada.com\specs\apiTest.spec
29-03-2021 00:32:28.638 [Gauge] [INFO] Spec file added / modified: C:\Users\Mustafa YARDIMCI\Desktop\ApiTestingHespiburada.com\specs\apiTest.spec
29-03-2021 00:33:06.833 [Gauge] [INFO] Spec file added / modified: C:\Users\Mustafa YARDIMCI\Desktop\ApiTestingHespiburada.com\specs\apiTest.spec
29-03-2021 00:33:06.834 [Gauge] [INFO] Spec file added / modified: C:\Users\Mustafa YARDIMCI\Desktop\ApiTestingHespiburada.com\specs\apiTest.spec
29-03-2021 00:33:35.840 [Gauge] [DEBUG] Api Request Received: messageType:GetStepValueRequest messageId:4 stepValueRequest:<stepText:"Urun idsi: \"3\", urun adi: \"banana\", urun fiyati: \"6\",stok durumu \"123\" \303\266zellikli \303\274r\303\274n eklenir." > 
29-03-2021 00:33:35.841 [Gauge] [DEBUG] Sending API response: messageType:GetStepValueResponse messageId:4 stepValueResponse:<stepValue:<stepValue:"Urun idsi: {}, urun adi: {}, urun fiyati: {},stok durumu {} \303\266zellikli \303\274r\303\274n eklenir." parameterizedStepValue:"Urun idsi: <3>, urun adi: <banana>, urun fiyati: <6>,stok durumu <123> \303\266zellikli \303\274r\303\274n eklenir." parameters:"3" parameters:"banana" parameters:"6" parameters:"123" > > 
29-03-2021 00:33:36.877 [Gauge] [INFO] Spec file added / modified: C:\Users\Mustafa YARDIMCI\Desktop\ApiTestingHespiburada.com\specs\apiTest.spec
29-03-2021 00:33:36.891 [Gauge] [INFO] Spec file added / modified: C:\Users\Mustafa YARDIMCI\Desktop\ApiTestingHespiburada.com\specs\apiTest.spec
29-03-2021 00:37:24.674 [Gauge] [INFO] Spec file removed: C:\Users\Mustafa YARDIMCI\Desktop\ApiTestingHespiburada.com\specs\example.spec
29-03-2021 00:38:23.314 [Gauge] [INFO] Spec file added / modified: C:\Users\Mustafa YARDIMCI\Desktop\ApiTestingHespiburada.com\specs\apiTest.spec
29-03-2021 00:38:23.322 [Gauge] [INFO] Spec file added / modified: C:\Users\Mustafa YARDIMCI\Desktop\ApiTestingHespiburada.com\specs\apiTest.spec
